c:\users\micha\michal.krizak\skola\5_semestr\zpg\projekt\zpg-projekt\project1\x64\debug\vc143.pdb
c:\users\micha\michal.krizak\skola\5_semestr\zpg\projekt\zpg-projekt\project1\x64\debug\vc143.idb
c:\users\micha\michal.krizak\skola\5_semestr\zpg\projekt\zpg-projekt\project1\x64\debug\window.obj
c:\users\micha\michal.krizak\skola\5_semestr\zpg\projekt\zpg-projekt\project1\x64\debug\shader.obj
c:\users\micha\michal.krizak\skola\5_semestr\zpg\projekt\zpg-projekt\project1\x64\debug\main.obj
c:\users\micha\michal.krizak\skola\5_semestr\zpg\projekt\zpg-projekt\project1\x64\debug\shaderprogram.obj
c:\users\micha\michal.krizak\skola\5_semestr\zpg\projekt\zpg-projekt\project1\x64\debug\scene.obj
c:\users\micha\michal.krizak\skola\5_semestr\zpg\projekt\zpg-projekt\project1\x64\debug\model.obj
c:\users\micha\michal.krizak\skola\5_semestr\zpg\projekt\zpg-projekt\project1\x64\debug\drawableobject.obj
c:\users\micha\michal.krizak\skola\5_semestr\zpg\projekt\zpg-projekt\project1\x64\debug\application.obj
c:\users\micha\michal.krizak\skola\5_semestr\zpg\projekt\zpg-projekt\project1\x64\debug\transformaction.obj
c:\users\micha\michal.krizak\skola\5_semestr\zpg\projekt\zpg-projekt\project1\x64\debug\sphere.obj
c:\users\micha\michal.krizak\skola\5_semestr\zpg\projekt\zpg-projekt\project1\x64\debug\tree.obj
c:\users\micha\michal.krizak\skola\5_semestr\zpg\projekt\zpg-projekt\project1\x64\debug\plain.obj
c:\users\micha\michal.krizak\skola\5_semestr\zpg\projekt\zpg-projekt\project1\x64\debug\suzi_smooth.obj
c:\users\micha\michal.krizak\skola\5_semestr\zpg\projekt\zpg-projekt\project1\x64\debug\suzi_flat.obj
c:\users\micha\michal.krizak\skola\5_semestr\zpg\projekt\zpg-projekt\project1\x64\debug\gift.obj
c:\users\micha\michal.krizak\skola\5_semestr\zpg\projekt\zpg-projekt\project1\x64\debug\bushes.obj
c:\users\micha\michal.krizak\skola\5_semestr\zpg\projekt\zpg-projekt\project1\x64\debug\house.obj
c:\users\micha\michal.krizak\skola\5_semestr\zpg\projekt\zpg-projekt\project1\x64\debug\camera.obj
c:\users\micha\michal.krizak\skola\5_semestr\zpg\projekt\zpg-projekt\x64\debug\project1.exe
c:\users\micha\michal.krizak\skola\5_semestr\zpg\projekt\zpg-projekt\x64\debug\project1.pdb
c:\users\micha\michal.krizak\skola\5_semestr\zpg\projekt\zpg-projekt\project1\x64\debug\project1.ilk
c:\users\micha\michal.krizak\skola\5_semestr\zpg\projekt\zpg-projekt\project1\x64\debug\mesh.obj
c:\users\micha\michal.krizak\skola\5_semestr\zpg\projekt\zpg-projekt\project1\x64\debug\source.obj
c:\users\micha\michal.krizak\skola\5_semestr\zpg\projekt\zpg-projekt\project1\x64\debug\main.obj.enc
c:\users\micha\michal.krizak\skola\5_semestr\zpg\projekt\zpg-projekt\project1\x64\debug\project1.tlog\cl.command.1.tlog
c:\users\micha\michal.krizak\skola\5_semestr\zpg\projekt\zpg-projekt\project1\x64\debug\project1.tlog\cl.items.tlog
c:\users\micha\michal.krizak\skola\5_semestr\zpg\projekt\zpg-projekt\project1\x64\debug\project1.tlog\cl.read.1.tlog
c:\users\micha\michal.krizak\skola\5_semestr\zpg\projekt\zpg-projekt\project1\x64\debug\project1.tlog\cl.write.1.tlog
c:\users\micha\michal.krizak\skola\5_semestr\zpg\projekt\zpg-projekt\project1\x64\debug\project1.tlog\link.command.1.tlog
c:\users\micha\michal.krizak\skola\5_semestr\zpg\projekt\zpg-projekt\project1\x64\debug\project1.tlog\link.read.1.tlog
c:\users\micha\michal.krizak\skola\5_semestr\zpg\projekt\zpg-projekt\project1\x64\debug\project1.tlog\link.secondary.1.tlog
c:\users\micha\michal.krizak\skola\5_semestr\zpg\projekt\zpg-projekt\project1\x64\debug\project1.tlog\link.write.1.tlog
